<?xml version="1.0" encoding="UTF-8"?>
<!-- Generated by org.testng.reporters.JUnitReportReporter -->
<testsuite skipped="0" hostname="ICT01C6B1" name="TestNG.verifyaddbook" tests="1" failures="0" timestamp="27 Jan 2020 15:26:10 GMT" time="7.983" errors="0">
  <testcase name="verify" time="7.983" classname="TestNG.verifyaddbook"/>
</testsuite> <!-- TestNG.verifyaddbook -->
